  main.cpp
D:\GitHub\LLCourse\RayTracer\RayTracerSmall\main.cpp(45,1): warning C4005: 'INFINITY': macro redefinition
C:\Program Files (x86)\Windows Kits\10\Include\10.0.19041.0\ucrt\corecrt_math.h(88,1): message : see previous definition of 'INFINITY'
D:\GitHub\LLCourse\RayTracer\RayTracerSmall\main.cpp(98,19): warning C4305: 'initializing': truncation from 'double' to 'float'
D:\GitHub\LLCourse\RayTracer\RayTracerSmall\main.cpp(104,60): warning C4305: 'argument': truncation from 'double' to 'const float'
D:\GitHub\LLCourse\RayTracer\RayTracerSmall\main.cpp(104,32): warning C4244: 'argument': conversion from 'double' to 'const float', possible loss of data
D:\GitHub\LLCourse\RayTracer\RayTracerSmall\main.cpp(113,19): warning C4305: 'initializing': truncation from 'double' to 'float'
D:\GitHub\LLCourse\RayTracer\RayTracerSmall\main.cpp(168,14): warning C4244: 'initializing': conversion from 'double' to 'float', possible loss of data
D:\GitHub\LLCourse\RayTracer\RayTracerSmall\main.cpp(172,13): warning C4244: 'initializing': conversion from 'double' to 'float', possible loss of data
D:\GitHub\LLCourse\RayTracer\RayTracerSmall\main.cpp(173,13): warning C4244: 'initializing': conversion from 'double' to 'float', possible loss of data
D:\GitHub\LLCourse\RayTracer\RayTracerSmall\main.cpp(201,81): warning C4305: 'argument': truncation from 'double' to 'T'
          with
          [
              T=float
          ]
D:\GitHub\LLCourse\RayTracer\RayTracerSmall\main.cpp(202,72): warning C4305: 'argument': truncation from 'double' to 'T'
          with
          [
              T=float
          ]
D:\GitHub\LLCourse\RayTracer\RayTracerSmall\main.cpp(203,73): warning C4305: 'argument': truncation from 'double' to 'T'
          with
          [
              T=float
          ]
D:\GitHub\LLCourse\RayTracer\RayTracerSmall\main.cpp(204,72): warning C4305: 'argument': truncation from 'double' to 'T'
          with
          [
              T=float
          ]
D:\GitHub\LLCourse\RayTracer\RayTracerSmall\main.cpp(220,83): warning C4305: 'argument': truncation from 'double' to 'T'
          with
          [
              T=float
          ]
D:\GitHub\LLCourse\RayTracer\RayTracerSmall\main.cpp(221,74): warning C4305: 'argument': truncation from 'double' to 'T'
          with
          [
              T=float
          ]
D:\GitHub\LLCourse\RayTracer\RayTracerSmall\main.cpp(222,75): warning C4305: 'argument': truncation from 'double' to 'T'
          with
          [
              T=float
          ]
D:\GitHub\LLCourse\RayTracer\RayTracerSmall\main.cpp(223,74): warning C4305: 'argument': truncation from 'double' to 'T'
          with
          [
              T=float
          ]
D:\GitHub\LLCourse\RayTracer\RayTracerSmall\main.cpp(228,83): warning C4305: 'argument': truncation from 'double' to 'T'
          with
          [
              T=float
          ]
D:\GitHub\LLCourse\RayTracer\RayTracerSmall\main.cpp(229,74): warning C4305: 'argument': truncation from 'double' to 'T'
          with
          [
              T=float
          ]
D:\GitHub\LLCourse\RayTracer\RayTracerSmall\main.cpp(230,75): warning C4305: 'argument': truncation from 'double' to 'T'
          with
          [
              T=float
          ]
D:\GitHub\LLCourse\RayTracer\RayTracerSmall\main.cpp(231,74): warning C4305: 'argument': truncation from 'double' to 'T'
          with
          [
              T=float
          ]
D:\GitHub\LLCourse\RayTracer\RayTracerSmall\main.cpp(235,83): warning C4305: 'argument': truncation from 'double' to 'T'
          with
          [
              T=float
          ]
D:\GitHub\LLCourse\RayTracer\RayTracerSmall\main.cpp(236,74): warning C4305: 'argument': truncation from 'double' to 'T'
          with
          [
              T=float
          ]
D:\GitHub\LLCourse\RayTracer\RayTracerSmall\main.cpp(237,75): warning C4305: 'argument': truncation from 'double' to 'T'
          with
          [
              T=float
          ]
D:\GitHub\LLCourse\RayTracer\RayTracerSmall\main.cpp(238,74): warning C4305: 'argument': truncation from 'double' to 'T'
          with
          [
              T=float
          ]
D:\GitHub\LLCourse\RayTracer\RayTracerSmall\main.cpp(242,83): warning C4305: 'argument': truncation from 'double' to 'T'
          with
          [
              T=float
          ]
D:\GitHub\LLCourse\RayTracer\RayTracerSmall\main.cpp(243,74): warning C4305: 'argument': truncation from 'double' to 'T'
          with
          [
              T=float
          ]
D:\GitHub\LLCourse\RayTracer\RayTracerSmall\main.cpp(244,75): warning C4305: 'argument': truncation from 'double' to 'T'
          with
          [
              T=float
          ]
D:\GitHub\LLCourse\RayTracer\RayTracerSmall\main.cpp(245,74): warning C4305: 'argument': truncation from 'double' to 'T'
          with
          [
              T=float
          ]
D:\GitHub\LLCourse\RayTracer\RayTracerSmall\main.cpp(261,82): warning C4305: 'argument': truncation from 'double' to 'T'
          with
          [
              T=float
          ]
D:\GitHub\LLCourse\RayTracer\RayTracerSmall\main.cpp(262,79): warning C4305: 'argument': truncation from 'double' to 'T'
          with
          [
              T=float
          ]
D:\GitHub\LLCourse\RayTracer\RayTracerSmall\main.cpp(263,74): warning C4305: 'argument': truncation from 'double' to 'T'
          with
          [
              T=float
          ]
D:\GitHub\LLCourse\RayTracer\RayTracerSmall\main.cpp(264,73): warning C4305: 'argument': truncation from 'double' to 'T'
          with
          [
              T=float
          ]
D:\GitHub\LLCourse\RayTracer\RayTracerSmall\main.cpp(265,19): warning C4244: 'argument': conversion from 'float' to 'int', possible loss of data
  RayTracerSmall.vcxproj -> D:\GitHub\LLCourse\RayTracer\x64\Debug\RayTracerSmall.exe
